#-----------------------------------------------------------
# Vivado v2018.2 (64-bit)
# SW Build 2258646 on Thu Jun 14 20:03:12 MDT 2018
# IP Build 2256618 on Thu Jun 14 22:10:49 MDT 2018
# Start of session at: Thu Feb 15 13:01:18 2024
# Process ID: 4696
# Current directory: C:/Users/C27Brandon.Sweitzer/code/ece281-ice2
# Command line: vivado.exe -gui_launcher_event rodinguilauncherevent23736 C:\Users\C27Brandon.Sweitzer\code\ece281-ice2\halfAdder.xpr
# Log file: C:/Users/C27Brandon.Sweitzer/code/ece281-ice2/vivado.log
# Journal file: C:/Users/C27Brandon.Sweitzer/code/ece281-ice2\vivado.jou
#-----------------------------------------------------------
start_gui
open_project C:/Users/C27Brandon.Sweitzer/code/ece281-ice2/halfAdder.xpr
Scanning sources...
Finished scanning sources
CRITICAL WARNING: [Board 49-67] The board_part definition was not found for digilentinc.com:basys3:part0:1.1. This can happen sometimes when you use custom board part. You can resolve this issue by setting 'board.repoPaths' parameter, pointing to the location of custom board files. Valid board_part values can be retrieved with the 'get_board_parts' Tcl command.
INFO: [IP_Flow 19-234] Refreshing IP repositories
INFO: [IP_Flow 19-1704] No user IP repositories specified
INFO: [IP_Flow 19-2313] Loaded Vivado IP repository 'C:/Xilinx/Vivado/2018.2/data/ip'.
update_compile_order -fileset sources_1
exit
INFO: [Common 17-206] Exiting Vivado at Thu Feb 15 13:30:18 2024...
