#-----------------------------------------------------------
# Vivado v2018.2 (64-bit)
# SW Build 2258646 on Thu Jun 14 20:03:12 MDT 2018
# IP Build 2256618 on Thu Jun 14 22:10:49 MDT 2018
# Start of session at: Wed Feb 21 02:25:02 2024
# Process ID: 25152
# Current directory: C:/Users/C27Brandon.Sweitzer/code/ece281-ice2
# Command line: vivado.exe -gui_launcher_event rodinguilauncherevent28236 C:\Users\C27Brandon.Sweitzer\code\ece281-ice2\halfAdder.xpr
# Log file: C:/Users/C27Brandon.Sweitzer/code/ece281-ice2/vivado.log
# Journal file: C:/Users/C27Brandon.Sweitzer/code/ece281-ice2\vivado.jou
#-----------------------------------------------------------
start_gui
open_project C:/Users/C27Brandon.Sweitzer/code/ece281-ice2/halfAdder.xpr
Scanning sources...
Finished scanning sources
INFO: [IP_Flow 19-234] Refreshing IP repositories
INFO: [IP_Flow 19-1704] No user IP repositories specified
INFO: [IP_Flow 19-2313] Loaded Vivado IP repository 'C:/Xilinx/Vivado/2018.2/data/ip'.
open_project: Time (s): cpu = 00:00:04 ; elapsed = 00:00:06 . Memory (MB): peak = 851.922 ; gain = 136.500
update_compile_order -fileset sources_1
close_project
open_project C:/Users/C27Brandon.Sweitzer/code/ece281-ice3/fullAdder.xpr
Scanning sources...
Finished scanning sources
INFO: [IP_Flow 19-234] Refreshing IP repositories
INFO: [IP_Flow 19-1704] No user IP repositories specified
INFO: [IP_Flow 19-2313] Loaded Vivado IP repository 'C:/Xilinx/Vivado/2018.2/data/ip'.
launch_simulation
INFO: [Vivado 12-5682] Launching behavioral simulation in 'C:/Users/C27Brandon.Sweitzer/code/ece281-ice3/fullAdder.sim/sim_1/behav/xsim'
INFO: [SIM-utils-51] Simulation object is 'sim_1'
INFO: [SIM-utils-54] Inspecting design source files for 'top_basys3_tb' in fileset 'sim_1'...
INFO: [USF-XSim-97] Finding global include files...
INFO: [USF-XSim-101] Fetching design files from 'sim_1'...
INFO: [USF-XSim-2] XSim::Compile design
INFO: [USF-XSim-61] Executing 'COMPILE and ANALYZE' step in 'C:/Users/C27Brandon.Sweitzer/code/ece281-ice3/fullAdder.sim/sim_1/behav/xsim'
"xvhdl --incr --relax -prj top_basys3_tb_vhdl.prj"
INFO: [VRFC 10-163] Analyzing VHDL file "C:/Users/C27Brandon.Sweitzer/code/ece281-ice3/src/hdl/halfAdder_tb.vhd" into library xil_defaultlib
INFO: [VRFC 10-307] analyzing entity halfAdder_tb
INFO: [VRFC 10-163] Analyzing VHDL file "C:/Users/C27Brandon.Sweitzer/code/ece281-ice3/src/hdl/top_basys3_tb.vhd" into library xil_defaultlib
INFO: [VRFC 10-307] analyzing entity top_basys3_tb
ERROR: [VRFC 10-91] w_led is not declared [C:/Users/C27Brandon.Sweitzer/code/ece281-ice3/src/hdl/top_basys3_tb.vhd:96]
ERROR: [VRFC 10-91] w_led is not declared [C:/Users/C27Brandon.Sweitzer/code/ece281-ice3/src/hdl/top_basys3_tb.vhd:98]
ERROR: [VRFC 10-91] w_led is not declared [C:/Users/C27Brandon.Sweitzer/code/ece281-ice3/src/hdl/top_basys3_tb.vhd:100]
ERROR: [VRFC 10-91] w_led is not declared [C:/Users/C27Brandon.Sweitzer/code/ece281-ice3/src/hdl/top_basys3_tb.vhd:102]
ERROR: [VRFC 10-91] w_led is not declared [C:/Users/C27Brandon.Sweitzer/code/ece281-ice3/src/hdl/top_basys3_tb.vhd:104]
ERROR: [VRFC 10-91] w_led is not declared [C:/Users/C27Brandon.Sweitzer/code/ece281-ice3/src/hdl/top_basys3_tb.vhd:106]
ERROR: [VRFC 10-91] w_led is not declared [C:/Users/C27Brandon.Sweitzer/code/ece281-ice3/src/hdl/top_basys3_tb.vhd:108]
ERROR: [VRFC 10-91] w_led is not declared [C:/Users/C27Brandon.Sweitzer/code/ece281-ice3/src/hdl/top_basys3_tb.vhd:110]
ERROR: [VRFC 10-1504] unit test_bench ignored due to previous errors [C:/Users/C27Brandon.Sweitzer/code/ece281-ice3/src/hdl/top_basys3_tb.vhd:57]
INFO: [VRFC 10-240] VHDL file C:/Users/C27Brandon.Sweitzer/code/ece281-ice3/src/hdl/top_basys3_tb.vhd ignored due to errors
INFO: [USF-XSim-69] 'compile' step finished in '2' seconds
INFO: [USF-XSim-99] Step results log file:'C:/Users/C27Brandon.Sweitzer/code/ece281-ice3/fullAdder.sim/sim_1/behav/xsim/xvhdl.log'
ERROR: [USF-XSim-62] 'compile' step failed with error(s). Please check the Tcl console output or 'C:/Users/C27Brandon.Sweitzer/code/ece281-ice3/fullAdder.sim/sim_1/behav/xsim/xvhdl.log' file for more information.
ERROR: [Vivado 12-4473] Detected error while running simulation. Please correct the issue and retry this operation.
ERROR: [Common 17-39] 'launch_simulation' failed due to earlier errors.
launch_simulation
INFO: [Vivado 12-5682] Launching behavioral simulation in 'C:/Users/C27Brandon.Sweitzer/code/ece281-ice3/fullAdder.sim/sim_1/behav/xsim'
INFO: [SIM-utils-51] Simulation object is 'sim_1'
INFO: [SIM-utils-54] Inspecting design source files for 'top_basys3_tb' in fileset 'sim_1'...
INFO: [USF-XSim-97] Finding global include files...
INFO: [USF-XSim-101] Fetching design files from 'sim_1'...
INFO: [USF-XSim-2] XSim::Compile design
INFO: [USF-XSim-61] Executing 'COMPILE and ANALYZE' step in 'C:/Users/C27Brandon.Sweitzer/code/ece281-ice3/fullAdder.sim/sim_1/behav/xsim'
"xvhdl --incr --relax -prj top_basys3_tb_vhdl.prj"
INFO: [VRFC 10-163] Analyzing VHDL file "C:/Users/C27Brandon.Sweitzer/code/ece281-ice3/src/hdl/halfAdder_tb.vhd" into library xil_defaultlib
INFO: [VRFC 10-307] analyzing entity halfAdder_tb
INFO: [VRFC 10-163] Analyzing VHDL file "C:/Users/C27Brandon.Sweitzer/code/ece281-ice3/src/hdl/top_basys3_tb.vhd" into library xil_defaultlib
INFO: [VRFC 10-307] analyzing entity top_basys3_tb
INFO: [VRFC 10-163] Analyzing VHDL file "C:/Users/C27Brandon.Sweitzer/code/ece281-ice3/src/hdl/halfAdder.vhd" into library xil_defaultlib
INFO: [VRFC 10-307] analyzing entity halfAdder
INFO: [VRFC 10-163] Analyzing VHDL file "C:/Users/C27Brandon.Sweitzer/code/ece281-ice3/src/hdl/top_basys3.vhd" into library xil_defaultlib
INFO: [VRFC 10-307] analyzing entity top_basys3
INFO: [USF-XSim-69] 'compile' step finished in '1' seconds
INFO: [USF-XSim-3] XSim::Elaborate design
INFO: [USF-XSim-61] Executing 'ELABORATE' step in 'C:/Users/C27Brandon.Sweitzer/code/ece281-ice3/fullAdder.sim/sim_1/behav/xsim'
Vivado Simulator 2018.2
Copyright 1986-1999, 2001-2018 Xilinx, Inc. All Rights Reserved.
Running: C:/Xilinx/Vivado/2018.2/bin/unwrapped/win64.o/xelab.exe -wto ea1aea8553474ced85dc86dcdbbeee49 --incr --debug typical --relax --mt 2 -L xil_defaultlib -L secureip --snapshot top_basys3_tb_behav xil_defaultlib.top_basys3_tb -log elaborate.log 
Using 2 slave threads.
Starting static elaboration
Completed static elaboration
Starting simulation data flow analysis
Completed simulation data flow analysis
Time Resolution for simulation is 1ps
Compiling package std.standard
Compiling package std.textio
Compiling package ieee.std_logic_1164
Compiling package ieee.numeric_std
Compiling architecture halfadder_arch of entity xil_defaultlib.halfAdder [halfadder_default]
Compiling architecture top_basys3_arch of entity xil_defaultlib.top_basys3 [top_basys3_default]
Compiling architecture test_bench of entity xil_defaultlib.top_basys3_tb
Built simulation snapshot top_basys3_tb_behav

****** Webtalk v2018.2 (64-bit)
  **** SW Build 2258646 on Thu Jun 14 20:03:12 MDT 2018
  **** IP Build 2256618 on Thu Jun 14 22:10:49 MDT 2018
    ** Copyright 1986-2018 Xilinx, Inc. All Rights Reserved.

source C:/Users/C27Brandon.Sweitzer/code/ece281-ice3/fullAdder.sim/sim_1/behav/xsim/xsim.dir/top_basys3_tb_behav/webtalk/xsim_webtalk.tcl -notrace
INFO: [Common 17-206] Exiting Webtalk at Wed Feb 21 07:54:25 2024...
run_program: Time (s): cpu = 00:00:00 ; elapsed = 00:00:07 . Memory (MB): peak = 920.258 ; gain = 0.000
INFO: [USF-XSim-69] 'elaborate' step finished in '7' seconds
INFO: [USF-XSim-4] XSim::Simulate design
INFO: [USF-XSim-61] Executing 'SIMULATE' step in 'C:/Users/C27Brandon.Sweitzer/code/ece281-ice3/fullAdder.sim/sim_1/behav/xsim'
INFO: [USF-XSim-98] *** Running xsim
   with args "top_basys3_tb_behav -key {Behavioral:sim_1:Functional:top_basys3_tb} -tclbatch {top_basys3_tb.tcl} -log {simulate.log}"
INFO: [USF-XSim-8] Loading simulator feature
Vivado Simulator 2018.2
Time resolution is 1 ps
source top_basys3_tb.tcl
# set curr_wave [current_wave_config]
# if { [string length $curr_wave] == 0 } {
#   if { [llength [get_objects]] > 0} {
#     add_wave /
#     set_property needs_save false [current_wave_config]
#   } else {
#      send_msg_id Add_Wave-1 WARNING "No top level signals found. Simulator will start without a wave window. If you want to open a wave window go to 'File->New Waveform Configuration' or type 'create_wave_config' in the TCL console."
#   }
# }
# run 1000ns
INFO: [USF-XSim-96] XSim completed. Design snapshot 'top_basys3_tb_behav' loaded.
INFO: [USF-XSim-97] XSim simulation ran for 1000ns
launch_simulation: Time (s): cpu = 00:00:02 ; elapsed = 00:00:11 . Memory (MB): peak = 933.039 ; gain = 12.781
close_sim
INFO: [Simtcl 6-16] Simulation closed
launch_simulation
INFO: [Vivado 12-5682] Launching behavioral simulation in 'C:/Users/C27Brandon.Sweitzer/code/ece281-ice3/fullAdder.sim/sim_1/behav/xsim'
INFO: [SIM-utils-51] Simulation object is 'sim_1'
INFO: [SIM-utils-54] Inspecting design source files for 'top_basys3_tb' in fileset 'sim_1'...
INFO: [USF-XSim-97] Finding global include files...
INFO: [USF-XSim-101] Fetching design files from 'sim_1'...
INFO: [USF-XSim-2] XSim::Compile design
INFO: [USF-XSim-61] Executing 'COMPILE and ANALYZE' step in 'C:/Users/C27Brandon.Sweitzer/code/ece281-ice3/fullAdder.sim/sim_1/behav/xsim'
"xvhdl --incr --relax -prj top_basys3_tb_vhdl.prj"
INFO: [VRFC 10-163] Analyzing VHDL file "C:/Users/C27Brandon.Sweitzer/code/ece281-ice3/src/hdl/top_basys3.vhd" into library xil_defaultlib
INFO: [VRFC 10-307] analyzing entity top_basys3
INFO: [USF-XSim-69] 'compile' step finished in '1' seconds
INFO: [USF-XSim-3] XSim::Elaborate design
INFO: [USF-XSim-61] Executing 'ELABORATE' step in 'C:/Users/C27Brandon.Sweitzer/code/ece281-ice3/fullAdder.sim/sim_1/behav/xsim'
Vivado Simulator 2018.2
Copyright 1986-1999, 2001-2018 Xilinx, Inc. All Rights Reserved.
Running: C:/Xilinx/Vivado/2018.2/bin/unwrapped/win64.o/xelab.exe -wto ea1aea8553474ced85dc86dcdbbeee49 --incr --debug typical --relax --mt 2 -L xil_defaultlib -L secureip --snapshot top_basys3_tb_behav xil_defaultlib.top_basys3_tb -log elaborate.log 
Using 2 slave threads.
Starting static elaboration
Completed static elaboration
Starting simulation data flow analysis
Completed simulation data flow analysis
Time Resolution for simulation is 1ps
Compiling package std.standard
Compiling package std.textio
Compiling package ieee.std_logic_1164
Compiling package ieee.numeric_std
Compiling architecture halfadder_arch of entity xil_defaultlib.halfAdder [halfadder_default]
Compiling architecture top_basys3_arch of entity xil_defaultlib.top_basys3 [top_basys3_default]
Compiling architecture test_bench of entity xil_defaultlib.top_basys3_tb
Built simulation snapshot top_basys3_tb_behav
INFO: [USF-XSim-69] 'elaborate' step finished in '1' seconds
INFO: [USF-XSim-4] XSim::Simulate design
INFO: [USF-XSim-61] Executing 'SIMULATE' step in 'C:/Users/C27Brandon.Sweitzer/code/ece281-ice3/fullAdder.sim/sim_1/behav/xsim'
INFO: [USF-XSim-98] *** Running xsim
   with args "top_basys3_tb_behav -key {Behavioral:sim_1:Functional:top_basys3_tb} -tclbatch {top_basys3_tb.tcl} -log {simulate.log}"
INFO: [USF-XSim-8] Loading simulator feature
Vivado Simulator 2018.2
Time resolution is 1 ps
source top_basys3_tb.tcl
# set curr_wave [current_wave_config]
# if { [string length $curr_wave] == 0 } {
#   if { [llength [get_objects]] > 0} {
#     add_wave /
#     set_property needs_save false [current_wave_config]
#   } else {
#      send_msg_id Add_Wave-1 WARNING "No top level signals found. Simulator will start without a wave window. If you want to open a wave window go to 'File->New Waveform Configuration' or type 'create_wave_config' in the TCL console."
#   }
# }
# run 1000ns
INFO: [USF-XSim-96] XSim completed. Design snapshot 'top_basys3_tb_behav' loaded.
INFO: [USF-XSim-97] XSim simulation ran for 1000ns
launch_simulation: Time (s): cpu = 00:00:00 ; elapsed = 00:00:05 . Memory (MB): peak = 936.887 ; gain = 0.430
close_sim
INFO: [Simtcl 6-16] Simulation closed
close_project
open_project C:/Users/C27Brandon.Sweitzer/code/ece281-lab2/src/hdl/binaryHexDisplay/binaryHexDisplay.xpr
Scanning sources...
Finished scanning sources
INFO: [IP_Flow 19-234] Refreshing IP repositories
INFO: [IP_Flow 19-1704] No user IP repositories specified
INFO: [IP_Flow 19-2313] Loaded Vivado IP repository 'C:/Xilinx/Vivado/2018.2/data/ip'.
update_compile_order -fileset sources_1
set_property SOURCE_SET sources_1 [get_filesets sim_1]
add_files -fileset sim_1 -norecurse C:/Users/C27Brandon.Sweitzer/code/ece281-lab2/src/hdl/lab2_template_tb.vhd
update_compile_order -fileset sim_1
